*** Using Compiler 'V5.06 update 7 (build 960)', folder: 'D:\keil5\core\ARM\ARMCC\Bin'
Rebuild target 'armored plate'
assembling startup_stm32f103xb.s...
compiling spi.c...
compiling dma.c...
compiling stm32f1xx_hal_gpio_ex.c...
compiling main.c...
compiling stm32f1xx_hal_rcc.c...
compiling stm32f1xx_hal_adc_ex.c...
compiling stm32f1xx_hal_adc.c...
compiling stm32f1xx_hal.c...
compiling gpio.c...
compiling stm32f1xx_hal_rcc_ex.c...
compiling stm32f1xx_hal_msp.c...
compiling stm32f1xx_hal_dma.c...
compiling stm32f1xx_hal_gpio.c...
compiling adc.c...
compiling stm32f1xx_it.c...
compiling can.c...
compiling stm32f1xx_hal_cortex.c...
compiling stm32f1xx_hal_pwr.c...
compiling stm32f1xx_hal_flash.c...
compiling stm32f1xx_hal_can.c...
compiling ws2812.c...
compiling stm32f1xx_hal_exti.c...
compiling stm32f1xx_hal_flash_ex.c...
compiling system_stm32f1xx.c...
compiling adc_detect.c...
compiling stm32f1xx_hal_spi.c...
compiling can_receive.c...
linking...
Program Size: Code=16070 RO-data=330 RW-data=168 ZI-data=2496  
FromELF: creating hex file...
"armored plate\armored plate.axf" - 0 Error(s), 0 Warning(s).
Build Time Elapsed:  00:00:05
